<?xml version="1.0" encoding="UTF-8"?>
<!-- Generated by org.testng.reporters.JUnitXMLReporter -->
<testsuite hostname="IE3BLTH62GSC2" name="FirefoxTest" tests="2" failures="2" timestamp="11 Apr 2017 04:19:07 GMT" time="6.605" errors="0">
  <testcase name="register" time="0.055" classname="testcases.FirstTestNGFile">
    <failure type="org.junit.ComparisonFailure" message="expected:&amp;lt;[Welcome]: Mercury Tours&amp;gt; but was:&amp;lt;[Register]: Mercury Tours&amp;gt;">
      <![CDATA[org.junit.ComparisonFailure: expected:<[Welcome]: Mercury Tours> but was:<[Register]: Mercury Tours>
	at org.junit.Assert.assertEquals(Assert.java:115)
	at org.junit.Assert.assertEquals(Assert.java:144)
	at testcases.FirstTestNGFile.register(FirstTestNGFile.java:53)
... Removed 25 stack frames]]>
    </failure>
  </testcase> <!-- register -->
  <testcase name="support" time="0.039" classname="testcases.FirstTestNGFile">
    <failure type="org.junit.ComparisonFailure" message="expected:&amp;lt;[Welcome]: Mercury Tours&amp;gt; but was:&amp;lt;[Under Construction]: Mercury Tours&amp;gt;">
      <![CDATA[org.junit.ComparisonFailure: expected:<[Welcome]: Mercury Tours> but was:<[Under Construction]: Mercury Tours>
	at org.junit.Assert.assertEquals(Assert.java:115)
	at org.junit.Assert.assertEquals(Assert.java:144)
	at testcases.FirstTestNGFile.support(FirstTestNGFile.java:63)
... Removed 25 stack frames]]>
    </failure>
  </testcase> <!-- support -->
</testsuite> <!-- FirefoxTest -->
