<?xml version="1.0" encoding="UTF-8"?>
<!-- Generated by org.testng.reporters.JUnitXMLReporter -->
<testsuite hostname="IE3BLTH62GSC2" name="IETest" tests="2" failures="0" timestamp="11 Apr 2017 04:27:16 GMT" time="0.591" errors="0">
  <testcase name="@BeforeTest launchbrowser" time="0.0" classname="testcases.FirstTestNGFile">
    <failure type="org.openqa.selenium.SessionNotCreatedException" message="Unable to create new remote session. desired capabilities = Capabilities [{ensureCleanSession=true, browserName=internet explorer, version=, platform=WINDOWS}], required capabilities = null
Build info: version: &amp;apos;unknown&amp;apos;, revision: &amp;apos;3169782&amp;apos;, time: &amp;apos;2016-09-29 10:24:50 -0700&amp;apos;
System info: host: &amp;apos;IE3BLTH62GSC2&amp;apos;, ip: &amp;apos;10.77.15.3&amp;apos;, os.name: &amp;apos;Windows 7&amp;apos;, os.arch: &amp;apos;amd64&amp;apos;, os.version: &amp;apos;6.1&amp;apos;, java.version: &amp;apos;1.8.0_111&amp;apos;
Driver info: driver.version: InternetExplorerDriver">
      <![CDATA[org.openqa.selenium.SessionNotCreatedException: Unable to create new remote session. desired capabilities = Capabilities [{ensureCleanSession=true, browserName=internet explorer, version=, platform=WINDOWS}], required capabilities = null
Build info: version: 'unknown', revision: '3169782', time: '2016-09-29 10:24:50 -0700'
System info: host: 'IE3BLTH62GSC2', ip: '10.77.15.3', os.name: 'Windows 7', os.arch: 'amd64', os.version: '6.1', java.version: '1.8.0_111'
Driver info: driver.version: InternetExplorerDriver
	at org.openqa.selenium.remote.ProtocolHandshake.createSession(ProtocolHandshake.java:80)
	at org.openqa.selenium.remote.HttpCommandExecutor.execute(HttpCommandExecutor.java:141)
	at org.openqa.selenium.remote.service.DriverCommandExecutor.execute(DriverCommandExecutor.java:82)
	at org.openqa.selenium.remote.RemoteWebDriver.execute(RemoteWebDriver.java:602)
	at org.openqa.selenium.remote.RemoteWebDriver.startSession(RemoteWebDriver.java:242)
	at org.openqa.selenium.remote.RemoteWebDriver.startSession(RemoteWebDriver.java:228)
	at org.openqa.selenium.ie.InternetExplorerDriver.run(InternetExplorerDriver.java:180)
	at org.openqa.selenium.ie.InternetExplorerDriver.<init>(InternetExplorerDriver.java:172)
	at org.openqa.selenium.ie.InternetExplorerDriver.<init>(InternetExplorerDriver.java:144)
	at testcases.FirstTestNGFile.launchbrowser(FirstTestNGFile.java:31)
... Removed 23 stack frames]]>
    </failure>
  </testcase> <!-- @BeforeTest launchbrowser -->
  <testcase name="@BeforeMethod verifyhomepagetitle" time="0.0" classname="testcases.FirstTestNGFile">
    <skipped/>
  </testcase> <!-- @BeforeMethod verifyhomepagetitle -->
  <testcase name="@AfterMethod gobacktohomepage" time="0.0" classname="testcases.FirstTestNGFile">
    <skipped/>
  </testcase> <!-- @AfterMethod gobacktohomepage -->
  <testcase name="@BeforeMethod verifyhomepagetitle" time="0.0" classname="testcases.FirstTestNGFile">
    <skipped/>
  </testcase> <!-- @BeforeMethod verifyhomepagetitle -->
  <testcase name="@AfterMethod gobacktohomepage" time="0.0" classname="testcases.FirstTestNGFile">
    <skipped/>
  </testcase> <!-- @AfterMethod gobacktohomepage -->
  <testcase name="@AfterTest terminatebrowser" time="0.0" classname="testcases.FirstTestNGFile">
    <skipped/>
  </testcase> <!-- @AfterTest terminatebrowser -->
  <testcase name="register" time="0.001" classname="testcases.FirstTestNGFile">
    <skipped/>
  </testcase> <!-- register -->
  <testcase name="support" time="0.001" classname="testcases.FirstTestNGFile">
    <skipped/>
  </testcase> <!-- support -->
</testsuite> <!-- IETest -->
